fev. 22, 2025 6:01:57 PM liquibase.changelog
INFO: Reading resource: db/changelog/migrations/db.changelog-202502181844.sql
fev. 22, 2025 6:01:57 PM liquibase.changelog
INFO: Reading resource: db/changelog/migrations/db.changelog-202502181908.sql
fev. 22, 2025 6:01:57 PM liquibase.changelog
INFO: Reading resource: db/changelog/migrations/db.changelog-202502181917.sql
fev. 22, 2025 6:01:57 PM liquibase.changelog
INFO: Reading resource: db/changelog/migrations/db.changelog-202502181919.sql
fev. 22, 2025 6:01:58 PM liquibase.changelog
INFO: Reading from db_boards.databasechangelog
Database is up to date, no changesets to execute
fev. 22, 2025 6:01:58 PM liquibase.changelog
INFO: Reading from db_boards.databasechangelog

UPDATE SUMMARY
Run:                          0
Previously run:               4
Filtered out:                 0
-------------------------------
Total change sets:            4

fev. 22, 2025 6:01:58 PM liquibase.util
INFO: UPDATE SUMMARY
fev. 22, 2025 6:01:58 PM liquibase.util
INFO: Run:                          0
fev. 22, 2025 6:01:58 PM liquibase.util
INFO: Previously run:               4
fev. 22, 2025 6:01:58 PM liquibase.util
INFO: Filtered out:                 0
fev. 22, 2025 6:01:58 PM liquibase.util
INFO: -------------------------------
fev. 22, 2025 6:01:58 PM liquibase.util
INFO: Total change sets:            4
fev. 22, 2025 6:01:58 PM liquibase.util
INFO: Update summary generated
fev. 22, 2025 6:01:58 PM liquibase.command
INFO: Command execution complete
